[0.000000] (-) TimerEvent: {}
[0.000318] (nirav_assn2) JobQueued: {'identifier': 'nirav_assn2', 'dependencies': OrderedDict([('nirav_assn2', '/home/nirav24/Desktop/MRT/Assignments/Assignment 2/mrt_ws/install/nirav_assn2')])}
[0.000817] (nirav_assn2) JobStarted: {'identifier': 'nirav_assn2'}
[0.099861] (-) TimerEvent: {}
[0.200280] (-) TimerEvent: {}
[0.300752] (-) TimerEvent: {}
[0.395551] (nirav_assn2) Command: {'cmd': ['/usr/bin/python3', '-m', 'pytest'], 'cwd': '/home/nirav24/Desktop/MRT/Assignments/Assignment 2/mrt_ws/src/nirav_assn2', 'env': {'LESSOPEN': '| /usr/bin/lesspipe %s', 'LANGUAGE': 'en_IN:en', 'USER': 'nirav24', 'XDG_SESSION_TYPE': 'wayland', 'GIT_ASKPASS': '/usr/share/code/resources/app/extensions/git/dist/askpass.sh', 'SHLVL': '2', 'LD_LIBRARY_PATH': '/opt/ros/humble/opt/rviz_ogre_vendor/lib:/opt/ros/humble/lib/x86_64-linux-gnu:/opt/ros/humble/lib', 'HOME': '/home/nirav24', 'CHROME_DESKTOP': 'code-url-handler.desktop', 'OLDPWD': '/home/nirav24/Desktop/MRT/Assignments/Assignment 2', 'TERM_PROGRAM_VERSION': '1.85.1', 'DESKTOP_SESSION': 'ubuntu', 'ROS_PYTHON_VERSION': '3', 'GNOME_SHELL_SESSION_MODE': 'ubuntu', 'GTK_MODULES': 'gail:atk-bridge', 'VSCODE_GIT_ASKPASS_MAIN': '/usr/share/code/resources/app/extensions/git/dist/askpass-main.js', 'VSCODE_GIT_ASKPASS_NODE': '/usr/share/code/code', 'SYSTEMD_EXEC_PID': '2702', 'DBUS_SESSION_BUS_ADDRESS': 'unix:path=/run/user/1000/bus', 'COLORTERM': 'truecolor', 'IM_CONFIG_PHASE': '1', 'WAYLAND_DISPLAY': 'wayland-0', 'ROS_DISTRO': 'humble', 'LOGNAME': 'nirav24', '_': '/usr/bin/colcon', 'ROS_VERSION': '2', 'XDG_SESSION_CLASS': 'user', 'USERNAME': 'nirav24', 'TERM': 'xterm-256color', 'GNOME_DESKTOP_SESSION_ID': 'this-is-deprecated', 'ROS_LOCALHOST_ONLY': '0', 'PATH': '/opt/ros/humble/bin:/home/nirav24/.local/bin:/usr/local/sbin:/usr/local/bin:/usr/sbin:/usr/bin:/sbin:/bin:/usr/games:/usr/local/games:/snap/bin:/snap/bin', 'SESSION_MANAGER': 'local/maverick:@/tmp/.ICE-unix/2525,unix/maverick:/tmp/.ICE-unix/2525', 'XDG_MENU_PREFIX': 'gnome-', 'GNOME_TERMINAL_SCREEN': '/org/gnome/Terminal/screen/4a2f5d12_e875_45a7_b740_2b78f00a1bd1', 'GNOME_SETUP_DISPLAY': ':1', 'XDG_RUNTIME_DIR': '/run/user/1000', 'GDK_BACKEND': 'x11', 'DISPLAY': ':0', 'LANG': 'en_US.UTF-8', 'XDG_CURRENT_DESKTOP': 'Unity', 'XMODIFIERS': '@im=ibus', 'XDG_SESSION_DESKTOP': 'ubuntu', 'XAUTHORITY': '/run/user/1000/.mutter-Xwaylandauth.8WMBG2', 'LS_COLORS': 'rs=0:di=01;34:ln=01;36:mh=00:pi=40;33:so=01;35:do=01;35:bd=40;33;01:cd=40;33;01:or=40;31;01:mi=00:su=37;41:sg=30;43:ca=30;41:tw=30;42:ow=34;42:st=37;44:ex=01;32:*.tar=01;31:*.tgz=01;31:*.arc=01;31:*.arj=01;31:*.taz=01;31:*.lha=01;31:*.lz4=01;31:*.lzh=01;31:*.lzma=01;31:*.tlz=01;31:*.txz=01;31:*.tzo=01;31:*.t7z=01;31:*.zip=01;31:*.z=01;31:*.dz=01;31:*.gz=01;31:*.lrz=01;31:*.lz=01;31:*.lzo=01;31:*.xz=01;31:*.zst=01;31:*.tzst=01;31:*.bz2=01;31:*.bz=01;31:*.tbz=01;31:*.tbz2=01;31:*.tz=01;31:*.deb=01;31:*.rpm=01;31:*.jar=01;31:*.war=01;31:*.ear=01;31:*.sar=01;31:*.rar=01;31:*.alz=01;31:*.ace=01;31:*.zoo=01;31:*.cpio=01;31:*.7z=01;31:*.rz=01;31:*.cab=01;31:*.wim=01;31:*.swm=01;31:*.dwm=01;31:*.esd=01;31:*.jpg=01;35:*.jpeg=01;35:*.mjpg=01;35:*.mjpeg=01;35:*.gif=01;35:*.bmp=01;35:*.pbm=01;35:*.pgm=01;35:*.ppm=01;35:*.tga=01;35:*.xbm=01;35:*.xpm=01;35:*.tif=01;35:*.tiff=01;35:*.png=01;35:*.svg=01;35:*.svgz=01;35:*.mng=01;35:*.pcx=01;35:*.mov=01;35:*.mpg=01;35:*.mpeg=01;35:*.m2v=01;35:*.mkv=01;35:*.webm=01;35:*.webp=01;35:*.ogm=01;35:*.mp4=01;35:*.m4v=01;35:*.mp4v=01;35:*.vob=01;35:*.qt=01;35:*.nuv=01;35:*.wmv=01;35:*.asf=01;35:*.rm=01;35:*.rmvb=01;35:*.flc=01;35:*.avi=01;35:*.fli=01;35:*.flv=01;35:*.gl=01;35:*.dl=01;35:*.xcf=01;35:*.xwd=01;35:*.yuv=01;35:*.cgm=01;35:*.emf=01;35:*.ogv=01;35:*.ogx=01;35:*.aac=00;36:*.au=00;36:*.flac=00;36:*.m4a=00;36:*.mid=00;36:*.midi=00;36:*.mka=00;36:*.mp3=00;36:*.mpc=00;36:*.ogg=00;36:*.ra=00;36:*.wav=00;36:*.oga=00;36:*.opus=00;36:*.spx=00;36:*.xspf=00;36:', 'VSCODE_GIT_IPC_HANDLE': '/run/user/1000/vscode-git-116d082453.sock', 'GNOME_TERMINAL_SERVICE': ':1.412', 'TERM_PROGRAM': 'vscode', 'SSH_AGENT_LAUNCHER': 'gnome-keyring', 'SSH_AUTH_SOCK': '/run/user/1000/keyring/ssh', 'AMENT_PREFIX_PATH': '/home/nirav24/Desktop/MRT/Assignments/Assignment 2/mrt_ws/install/nirav_assn2:/opt/ros/humble', 'ORIGINAL_XDG_CURRENT_DESKTOP': 'ubuntu:GNOME', 'SHELL': '/bin/bash', 'QT_ACCESSIBILITY': '1', 'GDMSESSION': 'ubuntu', 'LESSCLOSE': '/usr/bin/lesspipe %s %s', 'VSCODE_GIT_ASKPASS_EXTRA_ARGS': '--ms-enable-electron-run-as-node', 'QT_IM_MODULE': 'ibus', 'PWD': '/home/nirav24/Desktop/MRT/Assignments/Assignment 2/mrt_ws/build/nirav_assn2', 'LC_ALL': 'en_US.UTF-8', 'XDG_CONFIG_DIRS': '/etc/xdg/xdg-ubuntu:/etc/xdg', 'XDG_DATA_DIRS': '/usr/share/ubuntu:/usr/local/share/:/usr/share/:/var/lib/snapd/desktop', 'PYTHONPATH': '/home/nirav24/Desktop/MRT/Assignments/Assignment 2/mrt_ws/install/nirav_assn2/lib/python3.10/site-packages:/opt/ros/humble/lib/python3.10/site-packages:/opt/ros/humble/local/lib/python3.10/dist-packages', 'COLCON': '1', 'VTE_VERSION': '6800', 'PYTEST_ADDOPTS': '--tb=short "--junit-xml=/home/nirav24/Desktop/MRT/Assignments/Assignment 2/mrt_ws/build/nirav_assn2/pytest.xml" --junit-prefix=nirav_assn2 -o "cache_dir=/home/nirav24/Desktop/MRT/Assignments/Assignment 2/mrt_ws/build/nirav_assn2/.pytest_cache"'}, 'shell': False}
[0.400842] (-) TimerEvent: {}
[0.501254] (-) TimerEvent: {}
[0.601830] (-) TimerEvent: {}
[0.702293] (-) TimerEvent: {}
[0.772035] (nirav_assn2) StdoutLine: {'line': b'\x1b[1m============================= test session starts ==============================\x1b[0m\n'}
[0.772310] (nirav_assn2) StdoutLine: {'line': b'platform linux -- Python 3.10.12, pytest-6.2.5, py-1.10.0, pluggy-0.13.0\n'}
[0.777183] (nirav_assn2) StdoutLine: {'line': b'cachedir: /home/nirav24/Desktop/MRT/Assignments/Assignment 2/mrt_ws/build/nirav_assn2/.pytest_cache\n'}
[0.777324] (nirav_assn2) StdoutLine: {'line': b'rootdir: /home/nirav24/Desktop/MRT/Assignments/Assignment 2/mrt_ws/src/nirav_assn2\n'}
[0.777390] (nirav_assn2) StdoutLine: {'line': b'plugins: ament-lint-0.12.9, ament-pep257-0.12.9, launch-testing-ros-0.19.6, ament-flake8-0.12.9, ament-xmllint-0.12.9, launch-testing-1.0.4, ament-copyright-0.12.9, anyio-4.1.0, cov-3.0.0, colcon-core-0.15.1\n'}
[0.802469] (-) TimerEvent: {}
[0.867609] (nirav_assn2) StdoutLine: {'line': b'\x1b[1mcollecting ... \x1b[0m\x1b[1m\n'}
[0.867942] (nirav_assn2) StdoutLine: {'line': b'collected 3 items                                                              \x1b[0m\n'}
[0.868023] (nirav_assn2) StdoutLine: {'line': b'\n'}
[0.874158] (nirav_assn2) StdoutLine: {'line': b'test/test_copyright.py \x1b[33ms\x1b[0m\x1b[32m                                                 [ 33%]\x1b[0m\n'}
[0.902643] (-) TimerEvent: {}
[1.003059] (-) TimerEvent: {}
[1.058990] (nirav_assn2) StdoutLine: {'line': b'test/test_flake8.py \x1b[31mF\x1b[0m\x1b[31m                                                    [ 66%]\x1b[0m\n'}
[1.097536] (nirav_assn2) StdoutLine: {'line': b'test/test_pep257.py \x1b[32m.\x1b[0m\x1b[31m                                                    [100%]\x1b[0m\n'}
[1.097839] (nirav_assn2) StdoutLine: {'line': b'\n'}
[1.097915] (nirav_assn2) StdoutLine: {'line': b'=================================== FAILURES ===================================\n'}
[1.097974] (nirav_assn2) StdoutLine: {'line': b'\x1b[31m\x1b[1m_________________________________ test_flake8 __________________________________\x1b[0m\n'}
[1.098030] (nirav_assn2) StdoutLine: {'line': b'\x1b[1m\x1b[31mtest/test_flake8.py\x1b[0m:23: in test_flake8\n'}
[1.103218] (-) TimerEvent: {}
[1.147750] (nirav_assn2) StdoutLine: {'line': b'    \x1b[94massert\x1b[39;49;00m rc == \x1b[94m0\x1b[39;49;00m, \\\n'}
[1.148006] (nirav_assn2) StdoutLine: {'line': b'\x1b[1m\x1b[31mE   AssertionError: Found 33 code style errors / warnings:\x1b[0m\n'}
[1.148092] (nirav_assn2) StdoutLine: {'line': b"\x1b[1m\x1b[31mE     ./all_nodes.launch.py:1:1: F401 'launch' imported but unused\x1b[0m\n"}
[1.148158] (nirav_assn2) StdoutLine: {'line': b'\x1b[1m\x1b[31mE     ./all_nodes.launch.py:5:1: E302 expected 2 blank lines, found 1\x1b[0m\n'}
[1.148232] (nirav_assn2) StdoutLine: {'line': b'\x1b[1m\x1b[31mE     ./setup.py:23:9: W191 indentation contains tabs\x1b[0m\n'}
[1.148351] (nirav_assn2) StdoutLine: {'line': b'\x1b[1m\x1b[31mE     ./setup.py:23:9: E101 indentation contains mixed spaces and tabs\x1b[0m\n'}
[1.148414] (nirav_assn2) StdoutLine: {'line': b'\x1b[1m\x1b[31mE     ./setup.py:24:9: W191 indentation contains tabs\x1b[0m\n'}
[1.148473] (nirav_assn2) StdoutLine: {'line': b'\x1b[1m\x1b[31mE     ./setup.py:24:9: E101 indentation contains mixed spaces and tabs\x1b[0m\n'}
[1.148530] (nirav_assn2) StdoutLine: {'line': b'\x1b[1m\x1b[31mE     ./setup.py:25:9: W191 indentation contains tabs\x1b[0m\n'}
[1.148589] (nirav_assn2) StdoutLine: {'line': b'\x1b[1m\x1b[31mE     ./setup.py:25:9: E101 indentation contains mixed spaces and tabs\x1b[0m\n'}
[1.148645] (nirav_assn2) StdoutLine: {'line': b'\x1b[1m\x1b[31mE     ./setup.py:26:9: W191 indentation contains tabs\x1b[0m\n'}
[1.148700] (nirav_assn2) StdoutLine: {'line': b'\x1b[1m\x1b[31mE     ./setup.py:26:9: E101 indentation contains mixed spaces and tabs\x1b[0m\n'}
[1.148756] (nirav_assn2) StdoutLine: {'line': b'\x1b[1m\x1b[31mE     ./src/d_rover3.py:8:1: E302 expected 2 blank lines, found 1\x1b[0m\n'}
[1.148811] (nirav_assn2) StdoutLine: {'line': b'\x1b[1m\x1b[31mE     ./src/d_rover3.py:18:24: F541 f-string is missing placeholders\x1b[0m\n'}
[1.148866] (nirav_assn2) StdoutLine: {'line': b'\x1b[1m\x1b[31mE     ./src/d_rover3.py:20:100: E501 line too long (119 > 99 characters)\x1b[0m\n'}
[1.148923] (nirav_assn2) StdoutLine: {'line': b'\x1b[1m\x1b[31mE     ./src/d_rover3.py:24:100: E501 line too long (116 > 99 characters)\x1b[0m\n'}
[1.148980] (nirav_assn2) StdoutLine: {'line': b'\x1b[1m\x1b[31mE     ./src/d_rover3.py:26:1: E302 expected 2 blank lines, found 1\x1b[0m\n'}
[1.149033] (nirav_assn2) StdoutLine: {'line': b'\x1b[1m\x1b[31mE     ./src/d_rover3.py:33:1: E305 expected 2 blank lines after class or function definition, found 1\x1b[0m\n'}
[1.149088] (nirav_assn2) StdoutLine: {'line': b'\x1b[1m\x1b[31mE     ./src/d_rover1.py:8:1: E302 expected 2 blank lines, found 1\x1b[0m\n'}
[1.149140] (nirav_assn2) StdoutLine: {'line': b'\x1b[1m\x1b[31mE     ./src/d_rover1.py:20:1: E302 expected 2 blank lines, found 1\x1b[0m\n'}
[1.149190] (nirav_assn2) StdoutLine: {'line': b'\x1b[1m\x1b[31mE     ./src/d_rover1.py:27:1: E305 expected 2 blank lines after class or function definition, found 1\x1b[0m\n'}
[1.149241] (nirav_assn2) StdoutLine: {'line': b"\x1b[1m\x1b[31mE     ./src/d_rover4.py:7:1: F401 'std_msgs.msg.String' imported but unused\x1b[0m\n"}
[1.149292] (nirav_assn2) StdoutLine: {'line': b'\x1b[1m\x1b[31mE     ./src/d_rover4.py:10:1: E302 expected 2 blank lines, found 1\x1b[0m\n'}
[1.149343] (nirav_assn2) StdoutLine: {'line': b'\x1b[1m\x1b[31mE     ./src/d_rover4.py:20:38: W291 trailing whitespace\x1b[0m\n'}
[1.149400] (nirav_assn2) StdoutLine: {'line': b'\x1b[1m\x1b[31mE     ./src/d_rover4.py:25:1: E302 expected 2 blank lines, found 1\x1b[0m\n'}
[1.149452] (nirav_assn2) StdoutLine: {'line': b'\x1b[1m\x1b[31mE     ./src/d_rover4.py:32:1: E305 expected 2 blank lines after class or function definition, found 1\x1b[0m\n'}
[1.149503] (nirav_assn2) StdoutLine: {'line': b'\x1b[1m\x1b[31mE     ./src/basestation.py:9:1: E302 expected 2 blank lines, found 1\x1b[0m\n'}
[1.149556] (nirav_assn2) StdoutLine: {'line': b'\x1b[1m\x1b[31mE     ./src/basestation.py:29:1: W293 blank line contains whitespace\x1b[0m\n'}
[1.149606] (nirav_assn2) StdoutLine: {'line': b'\x1b[1m\x1b[31mE     ./src/basestation.py:44:1: W293 blank line contains whitespace\x1b[0m\n'}
[1.149656] (nirav_assn2) StdoutLine: {'line': b'\x1b[1m\x1b[31mE     ./src/basestation.py:51:1: E302 expected 2 blank lines, found 1\x1b[0m\n'}
[1.149706] (nirav_assn2) StdoutLine: {'line': b'\x1b[1m\x1b[31mE     ./src/basestation.py:58:1: E305 expected 2 blank lines after class or function definition, found 1\x1b[0m\n'}
[1.149759] (nirav_assn2) StdoutLine: {'line': b'\x1b[1m\x1b[31mE     ./src/d_rover2.py:8:1: E302 expected 2 blank lines, found 1\x1b[0m\n'}
[1.149810] (nirav_assn2) StdoutLine: {'line': b'\x1b[1m\x1b[31mE     ./src/d_rover2.py:22:1: E302 expected 2 blank lines, found 1\x1b[0m\n'}
[1.149865] (nirav_assn2) StdoutLine: {'line': b'\x1b[1m\x1b[31mE     ./src/d_rover2.py:29:1: E305 expected 2 blank lines after class or function definition, found 1\x1b[0m\n'}
[1.149917] (nirav_assn2) StdoutLine: {'line': b'\x1b[1m\x1b[31mE     ./src/d_rover2.py:31:1: W293 blank line contains whitespace\x1b[0m\n'}
[1.149977] (nirav_assn2) StdoutLine: {'line': b'\x1b[1m\x1b[31mE   assert 1 == 0\x1b[0m\n'}
[1.150029] (nirav_assn2) StdoutLine: {'line': b'----------------------------- Captured stdout call -----------------------------\n'}
[1.150082] (nirav_assn2) StdoutLine: {'line': b'\n'}
[1.150134] (nirav_assn2) StdoutLine: {'line': b"./all_nodes.launch.py:1:1: F401 'launch' imported but unused\n"}
[1.150186] (nirav_assn2) StdoutLine: {'line': b'import launch\n'}
[1.150238] (nirav_assn2) StdoutLine: {'line': b'^\n'}
[1.150290] (nirav_assn2) StdoutLine: {'line': b'\n'}
[1.150341] (nirav_assn2) StdoutLine: {'line': b'./all_nodes.launch.py:5:1: E302 expected 2 blank lines, found 1\n'}
[1.150394] (nirav_assn2) StdoutLine: {'line': b'def generate_launch_description():\n'}
[1.150445] (nirav_assn2) StdoutLine: {'line': b'^\n'}
[1.150500] (nirav_assn2) StdoutLine: {'line': b'\n'}
[1.150553] (nirav_assn2) StdoutLine: {'line': b'./setup.py:23:9: W191 indentation contains tabs\n'}
[1.150607] (nirav_assn2) StdoutLine: {'line': b"        \t'd_rover2 = nirav_assn2.d_rover2:main',\n"}
[1.150659] (nirav_assn2) StdoutLine: {'line': b'        ^\n'}
[1.150713] (nirav_assn2) StdoutLine: {'line': b'\n'}
[1.150770] (nirav_assn2) StdoutLine: {'line': b'./setup.py:23:9: E101 indentation contains mixed spaces and tabs\n'}
[1.150823] (nirav_assn2) StdoutLine: {'line': b"        \t'd_rover2 = nirav_assn2.d_rover2:main',\n"}
[1.150875] (nirav_assn2) StdoutLine: {'line': b'        ^\n'}
[1.150924] (nirav_assn2) StdoutLine: {'line': b'\n'}
[1.150976] (nirav_assn2) StdoutLine: {'line': b'./setup.py:24:9: W191 indentation contains tabs\n'}
[1.151028] (nirav_assn2) StdoutLine: {'line': b"        \t'd_rover3 = nirav_assn2.d_rover3:main',\n"}
[1.151078] (nirav_assn2) StdoutLine: {'line': b'        ^\n'}
[1.151127] (nirav_assn2) StdoutLine: {'line': b'\n'}
[1.151178] (nirav_assn2) StdoutLine: {'line': b'./setup.py:24:9: E101 indentation contains mixed spaces and tabs\n'}
[1.151229] (nirav_assn2) StdoutLine: {'line': b"        \t'd_rover3 = nirav_assn2.d_rover3:main',\n"}
[1.151276] (nirav_assn2) StdoutLine: {'line': b'        ^\n'}
[1.151323] (nirav_assn2) StdoutLine: {'line': b'\n'}
[1.151371] (nirav_assn2) StdoutLine: {'line': b'./setup.py:25:9: W191 indentation contains tabs\n'}
[1.151419] (nirav_assn2) StdoutLine: {'line': b"        \t'd_rover4 = nirav_assn2.d_rover4:main',\n"}
[1.151466] (nirav_assn2) StdoutLine: {'line': b'        ^\n'}
[1.151514] (nirav_assn2) StdoutLine: {'line': b'\n'}
[1.151564] (nirav_assn2) StdoutLine: {'line': b'./setup.py:25:9: E101 indentation contains mixed spaces and tabs\n'}
[1.151612] (nirav_assn2) StdoutLine: {'line': b"        \t'd_rover4 = nirav_assn2.d_rover4:main',\n"}
[1.151660] (nirav_assn2) StdoutLine: {'line': b'        ^\n'}
[1.151709] (nirav_assn2) StdoutLine: {'line': b'\n'}
[1.151757] (nirav_assn2) StdoutLine: {'line': b'./setup.py:26:9: W191 indentation contains tabs\n'}
[1.151805] (nirav_assn2) StdoutLine: {'line': b"        \t'basestation = nirav_assn2.basestation:main',\n"}
[1.151853] (nirav_assn2) StdoutLine: {'line': b'        ^\n'}
[1.151901] (nirav_assn2) StdoutLine: {'line': b'\n'}
[1.151947] (nirav_assn2) StdoutLine: {'line': b'./setup.py:26:9: E101 indentation contains mixed spaces and tabs\n'}
[1.151995] (nirav_assn2) StdoutLine: {'line': b"        \t'basestation = nirav_assn2.basestation:main',\n"}
[1.152043] (nirav_assn2) StdoutLine: {'line': b'        ^\n'}
[1.152090] (nirav_assn2) StdoutLine: {'line': b'\n'}
[1.152137] (nirav_assn2) StdoutLine: {'line': b'./src/d_rover3.py:8:1: E302 expected 2 blank lines, found 1\n'}
[1.152185] (nirav_assn2) StdoutLine: {'line': b'class RoverNode(Node):\n'}
[1.152233] (nirav_assn2) StdoutLine: {'line': b'^\n'}
[1.152280] (nirav_assn2) StdoutLine: {'line': b'\n'}
[1.152338] (nirav_assn2) StdoutLine: {'line': b'./src/d_rover3.py:18:24: F541 f-string is missing placeholders\n'}
[1.152387] (nirav_assn2) StdoutLine: {'line': b'            msg.data = f"Task accomplished"\n'}
[1.152435] (nirav_assn2) StdoutLine: {'line': b'                       ^\n'}
[1.152483] (nirav_assn2) StdoutLine: {'line': b'\n'}
[1.152530] (nirav_assn2) StdoutLine: {'line': b'./src/d_rover3.py:20:100: E501 line too long (119 > 99 characters)\n'}
[1.152579] (nirav_assn2) StdoutLine: {'line': b'            self.get_logger().info(f"Published: Random Generated Integer is {generated_integer} --> Task accomplished")\n'}
[1.152631] (nirav_assn2) StdoutLine: {'line': b'                                                                                                   ^\n'}
[1.152683] (nirav_assn2) StdoutLine: {'line': b'\n'}
[1.152735] (nirav_assn2) StdoutLine: {'line': b'./src/d_rover3.py:24:100: E501 line too long (116 > 99 characters)\n'}
[1.152786] (nirav_assn2) StdoutLine: {'line': b'            self.get_logger().info(f"Published: Random Generated Integer is {generated_integer} --> Mission Failed")\n'}
[1.152839] (nirav_assn2) StdoutLine: {'line': b'                                                                                                   ^\n'}
[1.152890] (nirav_assn2) StdoutLine: {'line': b'\n'}
[1.152939] (nirav_assn2) StdoutLine: {'line': b'./src/d_rover3.py:26:1: E302 expected 2 blank lines, found 1\n'}
[1.152989] (nirav_assn2) StdoutLine: {'line': b'def main(args=None):\n'}
[1.153038] (nirav_assn2) StdoutLine: {'line': b'^\n'}
[1.153087] (nirav_assn2) StdoutLine: {'line': b'\n'}
[1.153140] (nirav_assn2) StdoutLine: {'line': b'./src/d_rover3.py:33:1: E305 expected 2 blank lines after class or function definition, found 1\n'}
[1.153189] (nirav_assn2) StdoutLine: {'line': b"if __name__ == '__main__':\n"}
[1.153239] (nirav_assn2) StdoutLine: {'line': b'^\n'}
[1.153288] (nirav_assn2) StdoutLine: {'line': b'\n'}
[1.153336] (nirav_assn2) StdoutLine: {'line': b'./src/d_rover1.py:8:1: E302 expected 2 blank lines, found 1\n'}
[1.153381] (nirav_assn2) StdoutLine: {'line': b'class RoverNode(Node):\n'}
[1.153426] (nirav_assn2) StdoutLine: {'line': b'^\n'}
[1.153472] (nirav_assn2) StdoutLine: {'line': b'\n'}
[1.153518] (nirav_assn2) StdoutLine: {'line': b'./src/d_rover1.py:20:1: E302 expected 2 blank lines, found 1\n'}
[1.153568] (nirav_assn2) StdoutLine: {'line': b'def main(args=None):\n'}
[1.153615] (nirav_assn2) StdoutLine: {'line': b'^\n'}
[1.153662] (nirav_assn2) StdoutLine: {'line': b'\n'}
[1.153708] (nirav_assn2) StdoutLine: {'line': b'./src/d_rover1.py:27:1: E305 expected 2 blank lines after class or function definition, found 1\n'}
[1.153754] (nirav_assn2) StdoutLine: {'line': b"if __name__ == '__main__':\n"}
[1.153801] (nirav_assn2) StdoutLine: {'line': b'^\n'}
[1.153845] (nirav_assn2) StdoutLine: {'line': b'\n'}
[1.153906] (nirav_assn2) StdoutLine: {'line': b"./src/d_rover4.py:7:1: F401 'std_msgs.msg.String' imported but unused\n"}
[1.153953] (nirav_assn2) StdoutLine: {'line': b'from std_msgs.msg import String\n'}
[1.153999] (nirav_assn2) StdoutLine: {'line': b'^\n'}
[1.154045] (nirav_assn2) StdoutLine: {'line': b'\n'}
[1.154090] (nirav_assn2) StdoutLine: {'line': b'./src/d_rover4.py:10:1: E302 expected 2 blank lines, found 1\n'}
[1.154135] (nirav_assn2) StdoutLine: {'line': b'class DaughterRover4(Node):\n'}
[1.154183] (nirav_assn2) StdoutLine: {'line': b'^\n'}
[1.154229] (nirav_assn2) StdoutLine: {'line': b'\n'}
[1.154275] (nirav_assn2) StdoutLine: {'line': b'./src/d_rover4.py:20:38: W291 trailing whitespace\n'}
[1.154321] (nirav_assn2) StdoutLine: {'line': b'        msg.current_location = Pose()  \n'}
[1.154367] (nirav_assn2) StdoutLine: {'line': b'                                     ^\n'}
[1.154413] (nirav_assn2) StdoutLine: {'line': b'\n'}
[1.154459] (nirav_assn2) StdoutLine: {'line': b'./src/d_rover4.py:25:1: E302 expected 2 blank lines, found 1\n'}
[1.154506] (nirav_assn2) StdoutLine: {'line': b'def main(args=None):\n'}
[1.154551] (nirav_assn2) StdoutLine: {'line': b'^\n'}
[1.154599] (nirav_assn2) StdoutLine: {'line': b'\n'}
[1.154646] (nirav_assn2) StdoutLine: {'line': b'./src/d_rover4.py:32:1: E305 expected 2 blank lines after class or function definition, found 1\n'}
[1.154691] (nirav_assn2) StdoutLine: {'line': b"if __name__ == '__main__':\n"}
[1.154738] (nirav_assn2) StdoutLine: {'line': b'^\n'}
[1.154783] (nirav_assn2) StdoutLine: {'line': b'\n'}
[1.154829] (nirav_assn2) StdoutLine: {'line': b'./src/basestation.py:9:1: E302 expected 2 blank lines, found 1\n'}
[1.154876] (nirav_assn2) StdoutLine: {'line': b'class BaseStation(Node):\n'}
[1.154920] (nirav_assn2) StdoutLine: {'line': b'^\n'}
[1.154966] (nirav_assn2) StdoutLine: {'line': b'\n'}
[1.155012] (nirav_assn2) StdoutLine: {'line': b'./src/basestation.py:29:1: W293 blank line contains whitespace\n'}
[1.155058] (nirav_assn2) StdoutLine: {'line': b'        \n'}
[1.155106] (nirav_assn2) StdoutLine: {'line': b'^\n'}
[1.155151] (nirav_assn2) StdoutLine: {'line': b'\n'}
[1.155199] (nirav_assn2) StdoutLine: {'line': b'./src/basestation.py:44:1: W293 blank line contains whitespace\n'}
[1.155246] (nirav_assn2) StdoutLine: {'line': b'    \n'}
[1.155291] (nirav_assn2) StdoutLine: {'line': b'^\n'}
[1.155336] (nirav_assn2) StdoutLine: {'line': b'\n'}
[1.155384] (nirav_assn2) StdoutLine: {'line': b'./src/basestation.py:51:1: E302 expected 2 blank lines, found 1\n'}
[1.155431] (nirav_assn2) StdoutLine: {'line': b'def main(args=None):\n'}
[1.155478] (nirav_assn2) StdoutLine: {'line': b'^\n'}
[1.155524] (nirav_assn2) StdoutLine: {'line': b'\n'}
[1.155570] (nirav_assn2) StdoutLine: {'line': b'./src/basestation.py:58:1: E305 expected 2 blank lines after class or function definition, found 1\n'}
[1.155617] (nirav_assn2) StdoutLine: {'line': b"if __name__ == '__main__':\n"}
[1.155664] (nirav_assn2) StdoutLine: {'line': b'^\n'}
[1.155710] (nirav_assn2) StdoutLine: {'line': b'\n'}
[1.155756] (nirav_assn2) StdoutLine: {'line': b'./src/d_rover2.py:8:1: E302 expected 2 blank lines, found 1\n'}
[1.155803] (nirav_assn2) StdoutLine: {'line': b'class RoverNode(Node):\n'}
[1.155850] (nirav_assn2) StdoutLine: {'line': b'^\n'}
[1.155896] (nirav_assn2) StdoutLine: {'line': b'\n'}
[1.155943] (nirav_assn2) StdoutLine: {'line': b'./src/d_rover2.py:22:1: E302 expected 2 blank lines, found 1\n'}
[1.155990] (nirav_assn2) StdoutLine: {'line': b'def main(args=None):\n'}
[1.156039] (nirav_assn2) StdoutLine: {'line': b'^\n'}
[1.156085] (nirav_assn2) StdoutLine: {'line': b'\n'}
[1.156131] (nirav_assn2) StdoutLine: {'line': b'./src/d_rover2.py:29:1: E305 expected 2 blank lines after class or function definition, found 1\n'}
[1.156178] (nirav_assn2) StdoutLine: {'line': b"if __name__ == '__main__':\n"}
[1.156223] (nirav_assn2) StdoutLine: {'line': b'^\n'}
[1.156268] (nirav_assn2) StdoutLine: {'line': b'\n'}
[1.156315] (nirav_assn2) StdoutLine: {'line': b'./src/d_rover2.py:31:1: W293 blank line contains whitespace\n'}
[1.156367] (nirav_assn2) StdoutLine: {'line': b'    \n'}
[1.156413] (nirav_assn2) StdoutLine: {'line': b'^\n'}
[1.156457] (nirav_assn2) StdoutLine: {'line': b'\n'}
[1.156504] (nirav_assn2) StdoutLine: {'line': b'4     E101 indentation contains mixed spaces and tabs\n'}
[1.156551] (nirav_assn2) StdoutLine: {'line': b'11    E302 expected 2 blank lines, found 1\n'}
[1.156599] (nirav_assn2) StdoutLine: {'line': b'5     E305 expected 2 blank lines after class or function definition, found 1\n'}
[1.156647] (nirav_assn2) StdoutLine: {'line': b'2     E501 line too long (119 > 99 characters)\n'}
[1.156699] (nirav_assn2) StdoutLine: {'line': b"2     F401 'launch' imported but unused\n"}
[1.156747] (nirav_assn2) StdoutLine: {'line': b'1     F541 f-string is missing placeholders\n'}
[1.156795] (nirav_assn2) StdoutLine: {'line': b'4     W191 indentation contains tabs\n'}
[1.156842] (nirav_assn2) StdoutLine: {'line': b'1     W291 trailing whitespace\n'}
[1.156888] (nirav_assn2) StdoutLine: {'line': b'3     W293 blank line contains whitespace\n'}
[1.156933] (nirav_assn2) StdoutLine: {'line': b'\n'}
[1.156980] (nirav_assn2) StdoutLine: {'line': b'11 files checked\n'}
[1.157030] (nirav_assn2) StdoutLine: {'line': b'33 errors\n'}
[1.157077] (nirav_assn2) StdoutLine: {'line': b'\n'}
[1.157124] (nirav_assn2) StdoutLine: {'line': b"'E'-type errors: 22\n"}
[1.157173] (nirav_assn2) StdoutLine: {'line': b"'F'-type errors: 3\n"}
[1.157219] (nirav_assn2) StdoutLine: {'line': b"'W'-type errors: 8\n"}
[1.157266] (nirav_assn2) StdoutLine: {'line': b'\n'}
[1.157312] (nirav_assn2) StdoutLine: {'line': b'Checked files:\n'}
[1.157358] (nirav_assn2) StdoutLine: {'line': b'\n'}
[1.157405] (nirav_assn2) StdoutLine: {'line': b'* ./all_nodes.launch.py\n'}
[1.157451] (nirav_assn2) StdoutLine: {'line': b'* ./setup.py\n'}
[1.157496] (nirav_assn2) StdoutLine: {'line': b'* ./src/d_rover3.py\n'}
[1.157541] (nirav_assn2) StdoutLine: {'line': b'* ./src/d_rover1.py\n'}
[1.157587] (nirav_assn2) StdoutLine: {'line': b'* ./src/d_rover4.py\n'}
[1.157633] (nirav_assn2) StdoutLine: {'line': b'* ./src/__init__.py\n'}
[1.157679] (nirav_assn2) StdoutLine: {'line': b'* ./src/basestation.py\n'}
[1.157723] (nirav_assn2) StdoutLine: {'line': b'* ./src/d_rover2.py\n'}
[1.157768] (nirav_assn2) StdoutLine: {'line': b'* ./test/test_pep257.py\n'}
[1.157815] (nirav_assn2) StdoutLine: {'line': b'* ./test/test_copyright.py\n'}
[1.157861] (nirav_assn2) StdoutLine: {'line': b'* ./test/test_flake8.py\n'}
[1.157908] (nirav_assn2) StdoutLine: {'line': b'----------------------------- Captured stderr call -----------------------------\n'}
[1.157953] (nirav_assn2) StdoutLine: {'line': b'option --max-complexity: please update from optparse string `type=` to argparse callable `type=` -- this will be an error in the future\n'}
[1.158002] (nirav_assn2) StdoutLine: {'line': b'- generated xml file: /home/nirav24/Desktop/MRT/Assignments/Assignment 2/mrt_ws/build/nirav_assn2/pytest.xml -\n'}
[1.158051] (nirav_assn2) StderrLine: {'line': b'\x1b[33m=============================== warnings summary ===============================\x1b[0m\n'}
[1.158127] (nirav_assn2) StderrLine: {'line': b'test/test_flake8.py::test_flake8\n'}
[1.158181] (nirav_assn2) StderrLine: {'line': b'test/test_flake8.py::test_flake8\n'}
[1.158232] (nirav_assn2) StderrLine: {'line': b'  Warning: SelectableGroups dict interface is deprecated. Use select.\n'}
[1.158280] (nirav_assn2) StderrLine: {'line': b'\n'}
[1.158329] (nirav_assn2) StderrLine: {'line': b'-- Docs: https://docs.pytest.org/en/stable/warnings.html\n'}
[1.158383] (nirav_assn2) StdoutLine: {'line': b'=========================== short test summary info ============================\n'}
[1.158435] (nirav_assn2) StdoutLine: {'line': b'FAILED test/test_flake8.py::test_flake8 - AssertionError: Found 33 code style...\n'}
[1.158484] (nirav_assn2) StdoutLine: {'line': b'\x1b[31m============== \x1b[31m\x1b[1m1 failed\x1b[0m, \x1b[32m1 passed\x1b[0m, \x1b[33m1 skipped\x1b[0m, \x1b[33m2 warnings\x1b[0m\x1b[31m in 0.38s\x1b[0m\x1b[31m ==============\x1b[0m\n'}
[1.203447] (-) TimerEvent: {}
[1.232030] (nirav_assn2) CommandEnded: {'returncode': 1}
[1.232763] (nirav_assn2) TestFailure: {'identifier': 'nirav_assn2'}
[1.232817] (nirav_assn2) JobEnded: {'identifier': 'nirav_assn2', 'rc': 0}
[1.233465] (-) EventReactorShutdown: {}
