[1m============================= test session starts ==============================[0m
platform linux -- Python 3.10.12, pytest-6.2.5, py-1.10.0, pluggy-0.13.0
cachedir: /home/nirav24/Desktop/MRT/Assignments/Assignment 2/mrt_ws/build/nirav_assn2/.pytest_cache
rootdir: /home/nirav24/Desktop/MRT/Assignments/Assignment 2/mrt_ws/src/nirav_assn2
plugins: ament-lint-0.12.9, ament-pep257-0.12.9, launch-testing-ros-0.19.6, ament-flake8-0.12.9, ament-xmllint-0.12.9, launch-testing-1.0.4, ament-copyright-0.12.9, anyio-4.1.0, cov-3.0.0, colcon-core-0.15.1
[1mcollecting ... [0m[1m
collected 3 items                                                              [0m

test/test_copyright.py [33ms[0m[32m                                                 [ 33%][0m
test/test_flake8.py [31mF[0m[31m                                                    [ 66%][0m
test/test_pep257.py [32m.[0m[31m                                                    [100%][0m

=================================== FAILURES ===================================
[31m[1m_________________________________ test_flake8 __________________________________[0m
[1m[31mtest/test_flake8.py[0m:23: in test_flake8
    [94massert[39;49;00m rc == [94m0[39;49;00m, \
[1m[31mE   AssertionError: Found 33 code style errors / warnings:[0m
[1m[31mE     ./all_nodes.launch.py:1:1: F401 'launch' imported but unused[0m
[1m[31mE     ./all_nodes.launch.py:5:1: E302 expected 2 blank lines, found 1[0m
[1m[31mE     ./setup.py:23:9: W191 indentation contains tabs[0m
[1m[31mE     ./setup.py:23:9: E101 indentation contains mixed spaces and tabs[0m
[1m[31mE     ./setup.py:24:9: W191 indentation contains tabs[0m
[1m[31mE     ./setup.py:24:9: E101 indentation contains mixed spaces and tabs[0m
[1m[31mE     ./setup.py:25:9: W191 indentation contains tabs[0m
[1m[31mE     ./setup.py:25:9: E101 indentation contains mixed spaces and tabs[0m
[1m[31mE     ./setup.py:26:9: W191 indentation contains tabs[0m
[1m[31mE     ./setup.py:26:9: E101 indentation contains mixed spaces and tabs[0m
[1m[31mE     ./src/d_rover3.py:8:1: E302 expected 2 blank lines, found 1[0m
[1m[31mE     ./src/d_rover3.py:18:24: F541 f-string is missing placeholders[0m
[1m[31mE     ./src/d_rover3.py:20:100: E501 line too long (119 > 99 characters)[0m
[1m[31mE     ./src/d_rover3.py:24:100: E501 line too long (116 > 99 characters)[0m
[1m[31mE     ./src/d_rover3.py:26:1: E302 expected 2 blank lines, found 1[0m
[1m[31mE     ./src/d_rover3.py:33:1: E305 expected 2 blank lines after class or function definition, found 1[0m
[1m[31mE     ./src/d_rover1.py:8:1: E302 expected 2 blank lines, found 1[0m
[1m[31mE     ./src/d_rover1.py:20:1: E302 expected 2 blank lines, found 1[0m
[1m[31mE     ./src/d_rover1.py:27:1: E305 expected 2 blank lines after class or function definition, found 1[0m
[1m[31mE     ./src/d_rover4.py:7:1: F401 'std_msgs.msg.String' imported but unused[0m
[1m[31mE     ./src/d_rover4.py:10:1: E302 expected 2 blank lines, found 1[0m
[1m[31mE     ./src/d_rover4.py:20:38: W291 trailing whitespace[0m
[1m[31mE     ./src/d_rover4.py:25:1: E302 expected 2 blank lines, found 1[0m
[1m[31mE     ./src/d_rover4.py:32:1: E305 expected 2 blank lines after class or function definition, found 1[0m
[1m[31mE     ./src/basestation.py:9:1: E302 expected 2 blank lines, found 1[0m
[1m[31mE     ./src/basestation.py:29:1: W293 blank line contains whitespace[0m
[1m[31mE     ./src/basestation.py:44:1: W293 blank line contains whitespace[0m
[1m[31mE     ./src/basestation.py:51:1: E302 expected 2 blank lines, found 1[0m
[1m[31mE     ./src/basestation.py:58:1: E305 expected 2 blank lines after class or function definition, found 1[0m
[1m[31mE     ./src/d_rover2.py:8:1: E302 expected 2 blank lines, found 1[0m
[1m[31mE     ./src/d_rover2.py:22:1: E302 expected 2 blank lines, found 1[0m
[1m[31mE     ./src/d_rover2.py:29:1: E305 expected 2 blank lines after class or function definition, found 1[0m
[1m[31mE     ./src/d_rover2.py:31:1: W293 blank line contains whitespace[0m
[1m[31mE   assert 1 == 0[0m
----------------------------- Captured stdout call -----------------------------

./all_nodes.launch.py:1:1: F401 'launch' imported but unused
import launch
^

./all_nodes.launch.py:5:1: E302 expected 2 blank lines, found 1
def generate_launch_description():
^

./setup.py:23:9: W191 indentation contains tabs
        	'd_rover2 = nirav_assn2.d_rover2:main',
        ^

./setup.py:23:9: E101 indentation contains mixed spaces and tabs
        	'd_rover2 = nirav_assn2.d_rover2:main',
        ^

./setup.py:24:9: W191 indentation contains tabs
        	'd_rover3 = nirav_assn2.d_rover3:main',
        ^

./setup.py:24:9: E101 indentation contains mixed spaces and tabs
        	'd_rover3 = nirav_assn2.d_rover3:main',
        ^

./setup.py:25:9: W191 indentation contains tabs
        	'd_rover4 = nirav_assn2.d_rover4:main',
        ^

./setup.py:25:9: E101 indentation contains mixed spaces and tabs
        	'd_rover4 = nirav_assn2.d_rover4:main',
        ^

./setup.py:26:9: W191 indentation contains tabs
        	'basestation = nirav_assn2.basestation:main',
        ^

./setup.py:26:9: E101 indentation contains mixed spaces and tabs
        	'basestation = nirav_assn2.basestation:main',
        ^

./src/d_rover3.py:8:1: E302 expected 2 blank lines, found 1
class RoverNode(Node):
^

./src/d_rover3.py:18:24: F541 f-string is missing placeholders
            msg.data = f"Task accomplished"
                       ^

./src/d_rover3.py:20:100: E501 line too long (119 > 99 characters)
            self.get_logger().info(f"Published: Random Generated Integer is {generated_integer} --> Task accomplished")
                                                                                                   ^

./src/d_rover3.py:24:100: E501 line too long (116 > 99 characters)
            self.get_logger().info(f"Published: Random Generated Integer is {generated_integer} --> Mission Failed")
                                                                                                   ^

./src/d_rover3.py:26:1: E302 expected 2 blank lines, found 1
def main(args=None):
^

./src/d_rover3.py:33:1: E305 expected 2 blank lines after class or function definition, found 1
if __name__ == '__main__':
^

./src/d_rover1.py:8:1: E302 expected 2 blank lines, found 1
class RoverNode(Node):
^

./src/d_rover1.py:20:1: E302 expected 2 blank lines, found 1
def main(args=None):
^

./src/d_rover1.py:27:1: E305 expected 2 blank lines after class or function definition, found 1
if __name__ == '__main__':
^

./src/d_rover4.py:7:1: F401 'std_msgs.msg.String' imported but unused
from std_msgs.msg import String
^

./src/d_rover4.py:10:1: E302 expected 2 blank lines, found 1
class DaughterRover4(Node):
^

./src/d_rover4.py:20:38: W291 trailing whitespace
        msg.current_location = Pose()  
                                     ^

./src/d_rover4.py:25:1: E302 expected 2 blank lines, found 1
def main(args=None):
^

./src/d_rover4.py:32:1: E305 expected 2 blank lines after class or function definition, found 1
if __name__ == '__main__':
^

./src/basestation.py:9:1: E302 expected 2 blank lines, found 1
class BaseStation(Node):
^

./src/basestation.py:29:1: W293 blank line contains whitespace
        
^

./src/basestation.py:44:1: W293 blank line contains whitespace
    
^

./src/basestation.py:51:1: E302 expected 2 blank lines, found 1
def main(args=None):
^

./src/basestation.py:58:1: E305 expected 2 blank lines after class or function definition, found 1
if __name__ == '__main__':
^

./src/d_rover2.py:8:1: E302 expected 2 blank lines, found 1
class RoverNode(Node):
^

./src/d_rover2.py:22:1: E302 expected 2 blank lines, found 1
def main(args=None):
^

./src/d_rover2.py:29:1: E305 expected 2 blank lines after class or function definition, found 1
if __name__ == '__main__':
^

./src/d_rover2.py:31:1: W293 blank line contains whitespace
    
^

4     E101 indentation contains mixed spaces and tabs
11    E302 expected 2 blank lines, found 1
5     E305 expected 2 blank lines after class or function definition, found 1
2     E501 line too long (119 > 99 characters)
2     F401 'launch' imported but unused
1     F541 f-string is missing placeholders
4     W191 indentation contains tabs
1     W291 trailing whitespace
3     W293 blank line contains whitespace

11 files checked
33 errors

'E'-type errors: 22
'F'-type errors: 3
'W'-type errors: 8

Checked files:

* ./all_nodes.launch.py
* ./setup.py
* ./src/d_rover3.py
* ./src/d_rover1.py
* ./src/d_rover4.py
* ./src/__init__.py
* ./src/basestation.py
* ./src/d_rover2.py
* ./test/test_pep257.py
* ./test/test_copyright.py
* ./test/test_flake8.py
----------------------------- Captured stderr call -----------------------------
option --max-complexity: please update from optparse string `type=` to argparse callable `type=` -- this will be an error in the future
- generated xml file: /home/nirav24/Desktop/MRT/Assignments/Assignment 2/mrt_ws/build/nirav_assn2/pytest.xml -
[33m=============================== warnings summary ===============================[0m
test/test_flake8.py::test_flake8
test/test_flake8.py::test_flake8
  Warning: SelectableGroups dict interface is deprecated. Use select.

-- Docs: https://docs.pytest.org/en/stable/warnings.html
=========================== short test summary info ============================
FAILED test/test_flake8.py::test_flake8 - AssertionError: Found 33 code style...
[31m============== [31m[1m1 failed[0m, [32m1 passed[0m, [33m1 skipped[0m, [33m2 warnings[0m[31m in 0.38s[0m[31m ==============[0m
